{
	"/Users/shawnlong/Documents/Personal/Development/Equipped/src/lib/components/header.svelte": {
		"path": "/Users/shawnlong/Documents/Personal/Development/Equipped/src/lib/components/header.svelte",
		"all": false,
		"statementMap": {
			"0": { "start": { "line": 1, "column": 0 }, "end": { "line": 1, "column": 18 } },
			"1": { "start": { "line": 2, "column": 0 }, "end": { "line": 2, "column": 48 } },
			"2": { "start": { "line": 3, "column": 0 }, "end": { "line": 3, "column": 54 } },
			"3": { "start": { "line": 4, "column": 0 }, "end": { "line": 4, "column": 42 } },
			"4": { "start": { "line": 5, "column": 0 }, "end": { "line": 5, "column": 36 } },
			"5": { "start": { "line": 6, "column": 0 }, "end": { "line": 6, "column": 38 } },
			"6": { "start": { "line": 7, "column": 0 }, "end": { "line": 7, "column": 52 } },
			"7": { "start": { "line": 8, "column": 0 }, "end": { "line": 8, "column": 57 } },
			"8": { "start": { "line": 9, "column": 0 }, "end": { "line": 9, "column": 0 } },
			"9": { "start": { "line": 10, "column": 0 }, "end": { "line": 10, "column": 35 } },
			"10": { "start": { "line": 11, "column": 0 }, "end": { "line": 11, "column": 30 } },
			"11": { "start": { "line": 12, "column": 0 }, "end": { "line": 12, "column": 50 } },
			"12": { "start": { "line": 13, "column": 0 }, "end": { "line": 13, "column": 54 } },
			"13": { "start": { "line": 14, "column": 0 }, "end": { "line": 14, "column": 35 } },
			"14": { "start": { "line": 15, "column": 0 }, "end": { "line": 15, "column": 3 } },
			"15": { "start": { "line": 16, "column": 0 }, "end": { "line": 16, "column": 0 } },
			"16": { "start": { "line": 17, "column": 0 }, "end": { "line": 17, "column": 35 } },
			"17": { "start": { "line": 18, "column": 0 }, "end": { "line": 18, "column": 30 } },
			"18": { "start": { "line": 19, "column": 0 }, "end": { "line": 19, "column": 25 } },
			"19": { "start": { "line": 20, "column": 0 }, "end": { "line": 20, "column": 3 } },
			"20": { "start": { "line": 21, "column": 0 }, "end": { "line": 21, "column": 3 } },
			"21": { "start": { "line": 22, "column": 0 }, "end": { "line": 22, "column": 9 } },
			"22": { "start": { "line": 23, "column": 0 }, "end": { "line": 23, "column": 0 } },
			"23": { "start": { "line": 24, "column": 0 }, "end": { "line": 24, "column": 89 } },
			"24": { "start": { "line": 25, "column": 0 }, "end": { "line": 25, "column": 33 } },
			"25": { "start": { "line": 26, "column": 0 }, "end": { "line": 26, "column": 10 } },
			"26": { "start": { "line": 27, "column": 0 }, "end": { "line": 27, "column": 7 } },
			"27": { "start": { "line": 28, "column": 0 }, "end": { "line": 28, "column": 64 } },
			"28": { "start": { "line": 29, "column": 0 }, "end": { "line": 29, "column": 29 } },
			"29": { "start": { "line": 30, "column": 0 }, "end": { "line": 30, "column": 40 } },
			"30": { "start": { "line": 31, "column": 0 }, "end": { "line": 31, "column": 51 } },
			"31": { "start": { "line": 32, "column": 0 }, "end": { "line": 32, "column": 10 } },
			"32": { "start": { "line": 33, "column": 0 }, "end": { "line": 33, "column": 53 } },
			"33": { "start": { "line": 34, "column": 0 }, "end": { "line": 34, "column": 8 } },
			"34": { "start": { "line": 35, "column": 0 }, "end": { "line": 35, "column": 9 } },
			"35": { "start": { "line": 36, "column": 0 }, "end": { "line": 36, "column": 7 } },
			"36": { "start": { "line": 37, "column": 0 }, "end": { "line": 37, "column": 68 } },
			"37": { "start": { "line": 38, "column": 0 }, "end": { "line": 38, "column": 66 } },
			"38": { "start": { "line": 39, "column": 0 }, "end": { "line": 39, "column": 4 } },
			"39": { "start": { "line": 40, "column": 0 }, "end": { "line": 40, "column": 92 } },
			"40": { "start": { "line": 41, "column": 0 }, "end": { "line": 41, "column": 14 } },
			"41": { "start": { "line": 42, "column": 0 }, "end": { "line": 42, "column": 3 } },
			"42": { "start": { "line": 43, "column": 0 }, "end": { "line": 43, "column": 14 } },
			"43": { "start": { "line": 44, "column": 0 }, "end": { "line": 44, "column": 6 } },
			"44": { "start": { "line": 45, "column": 0 }, "end": { "line": 45, "column": 0 } },
			"45": { "start": { "line": 46, "column": 0 }, "end": { "line": 46, "column": 45 } },
			"46": { "start": { "line": 47, "column": 0 }, "end": { "line": 47, "column": 42 } },
			"47": { "start": { "line": 48, "column": 0 }, "end": { "line": 48, "column": 65 } },
			"48": { "start": { "line": 49, "column": 0 }, "end": { "line": 49, "column": 12 } },
			"49": { "start": { "line": 50, "column": 0 }, "end": { "line": 50, "column": 0 } },
			"50": { "start": { "line": 51, "column": 0 }, "end": { "line": 51, "column": 60 } },
			"51": { "start": { "line": 52, "column": 0 }, "end": { "line": 52, "column": 8 } },
			"52": { "start": { "line": 53, "column": 0 }, "end": { "line": 53, "column": 7 } },
			"53": { "start": { "line": 54, "column": 0 }, "end": { "line": 54, "column": 6 } }
		},
		"s": {
			"0": 1,
			"1": 1,
			"2": 1,
			"3": 1,
			"4": 1,
			"5": 1,
			"6": 1,
			"7": 1,
			"8": 1,
			"9": 1,
			"10": 1,
			"11": 1,
			"12": 1,
			"13": 1,
			"14": 1,
			"15": 1,
			"16": 1,
			"17": 1,
			"18": 1,
			"19": 1,
			"20": 1,
			"21": 1,
			"22": 1,
			"23": 1,
			"24": 1,
			"25": 1,
			"26": 1,
			"27": 1,
			"28": 1,
			"29": 1,
			"30": 1,
			"31": 1,
			"32": 1,
			"33": 1,
			"34": 1,
			"35": 1,
			"36": 1,
			"37": 1,
			"38": 1,
			"39": 1,
			"40": 1,
			"41": 1,
			"42": 1,
			"43": 1,
			"44": 1,
			"45": 1,
			"46": 1,
			"47": 1,
			"48": 1,
			"49": 1,
			"50": 1,
			"51": 1,
			"52": 1,
			"53": 1
		},
		"branchMap": {
			"0": {
				"type": "branch",
				"line": 30,
				"loc": { "start": { "line": 30, "column": 39 }, "end": { "line": 30, "column": 40 } },
				"locations": [
					{ "start": { "line": 30, "column": 39 }, "end": { "line": 30, "column": 40 } }
				]
			}
		},
		"b": { "0": [1] },
		"fnMap": {},
		"f": {}
	},
	"/Users/shawnlong/Documents/Personal/Development/Equipped/src/lib/components/logo.svelte": {
		"path": "/Users/shawnlong/Documents/Personal/Development/Equipped/src/lib/components/logo.svelte",
		"all": false,
		"statementMap": {
			"0": { "start": { "line": 1, "column": 0 }, "end": { "line": 1, "column": 78 } },
			"1": { "start": { "line": 2, "column": 0 }, "end": { "line": 2, "column": 44 } },
			"2": { "start": { "line": 3, "column": 0 }, "end": { "line": 3, "column": 55 } },
			"3": { "start": { "line": 4, "column": 0 }, "end": { "line": 4, "column": 6 } }
		},
		"s": { "0": 1, "1": 1, "2": 1, "3": 1 },
		"branchMap": {},
		"b": {},
		"fnMap": {},
		"f": {}
	},
	"/Users/shawnlong/Documents/Personal/Development/Equipped/src/lib/components/sidebar.svelte": {
		"path": "/Users/shawnlong/Documents/Personal/Development/Equipped/src/lib/components/sidebar.svelte",
		"all": false,
		"statementMap": {
			"0": { "start": { "line": 1, "column": 0 }, "end": { "line": 1, "column": 18 } },
			"1": { "start": { "line": 2, "column": 0 }, "end": { "line": 2, "column": 42 } },
			"2": { "start": { "line": 3, "column": 0 }, "end": { "line": 3, "column": 0 } },
			"3": { "start": { "line": 4, "column": 0 }, "end": { "line": 4, "column": 31 } },
			"4": { "start": { "line": 5, "column": 0 }, "end": { "line": 5, "column": 25 } },
			"5": { "start": { "line": 6, "column": 0 }, "end": { "line": 6, "column": 9 } },
			"6": { "start": { "line": 7, "column": 0 }, "end": { "line": 7, "column": 0 } },
			"7": { "start": { "line": 8, "column": 0 }, "end": { "line": 8, "column": 97 } },
			"8": { "start": { "line": 9, "column": 0 }, "end": { "line": 9, "column": 37 } },
			"9": { "start": { "line": 10, "column": 0 }, "end": { "line": 10, "column": 23 } },
			"10": { "start": { "line": 11, "column": 0 }, "end": { "line": 11, "column": 54 } },
			"11": { "start": { "line": 12, "column": 0 }, "end": { "line": 12, "column": 9 } },
			"12": { "start": { "line": 13, "column": 0 }, "end": { "line": 13, "column": 7 } },
			"13": { "start": { "line": 14, "column": 0 }, "end": { "line": 14, "column": 8 } },
			"14": { "start": { "line": 15, "column": 0 }, "end": { "line": 15, "column": 0 } },
			"15": { "start": { "line": 16, "column": 0 }, "end": { "line": 16, "column": 7 } },
			"16": { "start": { "line": 17, "column": 0 }, "end": { "line": 17, "column": 8 } },
			"17": { "start": { "line": 18, "column": 0 }, "end": { "line": 18, "column": 15 } },
			"18": { "start": { "line": 19, "column": 0 }, "end": { "line": 19, "column": 37 } },
			"19": { "start": { "line": 20, "column": 0 }, "end": { "line": 20, "column": 2 } },
			"20": { "start": { "line": 21, "column": 0 }, "end": { "line": 21, "column": 8 } },
			"21": { "start": { "line": 22, "column": 0 }, "end": { "line": 22, "column": 11 } },
			"22": { "start": { "line": 23, "column": 0 }, "end": { "line": 23, "column": 2 } },
			"23": { "start": { "line": 24, "column": 0 }, "end": { "line": 24, "column": 8 } }
		},
		"s": {
			"0": 1,
			"1": 1,
			"2": 1,
			"3": 1,
			"4": 1,
			"5": 1,
			"6": 1,
			"7": 1,
			"8": 1,
			"9": 1,
			"10": 1,
			"11": 1,
			"12": 1,
			"13": 1,
			"14": 1,
			"15": 1,
			"16": 1,
			"17": 1,
			"18": 1,
			"19": 1,
			"20": 1,
			"21": 1,
			"22": 1,
			"23": 1
		},
		"branchMap": {},
		"b": {},
		"fnMap": {},
		"f": {}
	},
	"/Users/shawnlong/Documents/Personal/Development/Equipped/src/lib/stores/sidebar.ts": {
		"path": "/Users/shawnlong/Documents/Personal/Development/Equipped/src/lib/stores/sidebar.ts",
		"all": false,
		"statementMap": {
			"0": { "start": { "line": 1, "column": 0 }, "end": { "line": 1, "column": 40 } },
			"1": { "start": { "line": 2, "column": 0 }, "end": { "line": 2, "column": 0 } },
			"2": { "start": { "line": 3, "column": 0 }, "end": { "line": 3, "column": 31 } },
			"3": { "start": { "line": 4, "column": 0 }, "end": { "line": 4, "column": 52 } },
			"4": { "start": { "line": 5, "column": 0 }, "end": { "line": 5, "column": 0 } },
			"5": { "start": { "line": 6, "column": 0 }, "end": { "line": 6, "column": 9 } },
			"6": { "start": { "line": 7, "column": 0 }, "end": { "line": 7, "column": 12 } },
			"7": { "start": { "line": 8, "column": 0 }, "end": { "line": 8, "column": 24 } },
			"8": { "start": { "line": 9, "column": 0 }, "end": { "line": 9, "column": 37 } },
			"9": { "start": { "line": 10, "column": 0 }, "end": { "line": 10, "column": 3 } },
			"10": { "start": { "line": 11, "column": 0 }, "end": { "line": 11, "column": 1 } },
			"11": { "start": { "line": 12, "column": 0 }, "end": { "line": 12, "column": 0 } },
			"12": { "start": { "line": 13, "column": 0 }, "end": { "line": 13, "column": 49 } }
		},
		"s": {
			"0": 1,
			"1": 1,
			"2": 2,
			"3": 2,
			"4": 2,
			"5": 2,
			"6": 2,
			"7": 2,
			"8": 2,
			"9": 2,
			"10": 2,
			"11": 1,
			"12": 1
		},
		"branchMap": {
			"0": {
				"type": "branch",
				"line": 3,
				"loc": { "start": { "line": 3, "column": 0 }, "end": { "line": 11, "column": 1 } },
				"locations": [{ "start": { "line": 3, "column": 0 }, "end": { "line": 11, "column": 1 } }]
			},
			"1": {
				"type": "branch",
				"line": 8,
				"loc": { "start": { "line": 8, "column": 7 }, "end": { "line": 8, "column": 24 } },
				"locations": [{ "start": { "line": 8, "column": 7 }, "end": { "line": 8, "column": 24 } }]
			},
			"2": {
				"type": "branch",
				"line": 9,
				"loc": { "start": { "line": 9, "column": 10 }, "end": { "line": 9, "column": 37 } },
				"locations": [{ "start": { "line": 9, "column": 10 }, "end": { "line": 9, "column": 37 } }]
			},
			"3": {
				"type": "branch",
				"line": 9,
				"loc": { "start": { "line": 9, "column": 23 }, "end": { "line": 9, "column": 36 } },
				"locations": [{ "start": { "line": 9, "column": 23 }, "end": { "line": 9, "column": 36 } }]
			},
			"4": {
				"type": "branch",
				"line": 13,
				"loc": { "start": { "line": 13, "column": 47 }, "end": { "line": 13, "column": 49 } },
				"locations": [
					{ "start": { "line": 13, "column": 47 }, "end": { "line": 13, "column": 49 } }
				]
			}
		},
		"b": { "0": [2], "1": [7], "2": [3], "3": [3], "4": [16] },
		"fnMap": {
			"0": {
				"name": "createSidebarStore",
				"decl": { "start": { "line": 3, "column": 0 }, "end": { "line": 11, "column": 1 } },
				"loc": { "start": { "line": 3, "column": 0 }, "end": { "line": 11, "column": 1 } },
				"line": 3
			},
			"1": {
				"name": "set",
				"decl": { "start": { "line": 8, "column": 7 }, "end": { "line": 8, "column": 24 } },
				"loc": { "start": { "line": 8, "column": 7 }, "end": { "line": 8, "column": 24 } },
				"line": 8
			},
			"2": {
				"name": "toggle",
				"decl": { "start": { "line": 9, "column": 10 }, "end": { "line": 9, "column": 37 } },
				"loc": { "start": { "line": 9, "column": 10 }, "end": { "line": 9, "column": 37 } },
				"line": 9
			},
			"3": {
				"name": "get",
				"decl": { "start": { "line": 13, "column": 47 }, "end": { "line": 13, "column": 49 } },
				"loc": { "start": { "line": 13, "column": 47 }, "end": { "line": 13, "column": 49 } },
				"line": 13
			}
		},
		"f": { "0": 2, "1": 7, "2": 3, "3": 16 }
	}
}
